  ClockNative.cpp
  Environment.cpp
  Expr.cpp
  Interpreter.cpp
  LoxCallable.cpp
  LoxClass.cpp
  LoxFunction.cpp
C:\Users\qumah\Desktop\cppLox\src\LoxFunction.cpp(26,33): warning C4267: 'return': conversion from 'size_t' to 'int', possible loss of data
  LoxInstance.cpp
  Parser.cpp
C:\Users\qumah\Desktop\cppLox\src\Parser.cpp(44,20): warning C4101: 'error': unreferenced local variable
  Resolver.cpp
C:\Users\qumah\Desktop\cppLox\src\Resolver.cpp(57,13): warning C4267: 'initializing': conversion from 'size_t' to 'int', possible loss of data
C:\Users\qumah\Desktop\cppLox\src\Resolver.cpp(59,49): warning C4267: 'argument': conversion from 'size_t' to 'int', possible loss of data
  Scanner.cpp
  Stmt.cpp
  Token.cpp
  cppLox.cpp
  Generating code
  5 of 2526 functions ( 0.2%) were compiled, the rest were copied from previous compilation.
    0 functions were new in current compilation
    6 functions had inline decision re-evaluated but remain unchanged
  Finished generating code
  cppLox.vcxproj -> C:\Users\qumah\Desktop\cppLox\x64\Release\cppLox.exe
